============================= test session starts =============================
platform win32 -- Python 3.13.3, pytest-9.0.2, pluggy-1.6.0 -- C:\Users\numad\AppData\Local\Programs\Python\Python313\python.exe
cachedir: .pytest_cache
rootdir: C:\Users\numad\OneDrive\Desktop\major project1\backend
plugins: anyio-4.9.0
collecting ... collected 20 items

tests/test_crypto.py::TestIBE::test_setup_generates_params PASSED        [  5%]
tests/test_crypto.py::TestIBE::test_extract_key PASSED                   [ 10%]
tests/test_crypto.py::TestIBE::test_same_identity_same_key PASSED        [ 15%]
tests/test_crypto.py::TestIBE::test_different_identity_different_key PASSED [ 20%]
tests/test_crypto.py::TestIBE::test_encrypt_decrypt_roundtrip PASSED     [ 25%]
tests/test_crypto.py::TestIBE::test_encrypt_decrypt_json_data PASSED     [ 30%]
tests/test_crypto.py::TestIBE::test_ciphertext_serialization PASSED      [ 35%]
tests/test_crypto.py::TestShamirSecretSharing::test_generate_correct_number_of_shares PASSED [ 40%]
tests/test_crypto.py::TestShamirSecretSharing::test_reconstruct_with_k_shares PASSED [ 45%]
tests/test_crypto.py::TestShamirSecretSharing::test_reconstruct_with_all_shares PASSED [ 50%]
tests/test_crypto.py::TestShamirSecretSharing::test_any_k_shares_work PASSED [ 55%]
tests/test_crypto.py::TestShamirSecretSharing::test_bytes_roundtrip PASSED [ 60%]
tests/test_crypto.py::TestShamirSecretSharing::test_invalid_k_greater_than_n PASSED [ 65%]
tests/test_crypto.py::TestShamirSecretSharing::test_different_secrets_different_shares PASSED [ 70%]
tests/test_crypto.py::TestDistributedDecryption::test_server_initialization PASSED [ 75%]
tests/test_crypto.py::TestDistributedDecryption::test_cluster_status PASSED [ 80%]
tests/test_crypto.py::TestDistributedDecryption::test_threshold_decrypt FAILED [ 85%]
tests/test_crypto.py::TestDistributedDecryption::test_deactivate_server PASSED [ 90%]
tests/test_crypto.py::TestDistributedDecryption::test_decrypt_with_deactivated_servers FAILED [ 95%]
tests/test_crypto.py::TestDistributedDecryption::test_insufficient_servers_raises_error PASSED [100%]

================================== FAILURES ===================================
______________ TestDistributedDecryption.test_threshold_decrypt _______________
tests\test_crypto.py:161: in test_threshold_decrypt
    result = self.coordinator.combine_and_decrypt(ciphertext, identity)
             ^^^^^^^^^^^^^^^^^^^^^^^^^^^^^^^^^^^^^^^^^^^^^^^^^^^^^^^^^^
src\crypto\distributed_decryption.py:198: in combine_and_decrypt
    plaintext = self.ibe.decrypt(private_key, ciphertext)
                ^^^^^^^^^^^^^^^^^^^^^^^^^^^^^^^^^^^^^^^^^
src\crypto\identity_based_encryption.py:313: in decrypt
    raise ValueError("Authentication tag verification failed. Data may be tampered.")
E   ValueError: Authentication tag verification failed. Data may be tampered.
_______ TestDistributedDecryption.test_decrypt_with_deactivated_servers _______
tests\test_crypto.py:179: in test_decrypt_with_deactivated_servers
    result = self.coordinator.combine_and_decrypt(ciphertext, identity)
             ^^^^^^^^^^^^^^^^^^^^^^^^^^^^^^^^^^^^^^^^^^^^^^^^^^^^^^^^^^
src\crypto\distributed_decryption.py:198: in combine_and_decrypt
    plaintext = self.ibe.decrypt(private_key, ciphertext)
                ^^^^^^^^^^^^^^^^^^^^^^^^^^^^^^^^^^^^^^^^^
src\crypto\identity_based_encryption.py:313: in decrypt
    raise ValueError("Authentication tag verification failed. Data may be tampered.")
E   ValueError: Authentication tag verification failed. Data may be tampered.
=========================== short test summary info ===========================
FAILED tests/test_crypto.py::TestDistributedDecryption::test_threshold_decrypt
FAILED tests/test_crypto.py::TestDistributedDecryption::test_decrypt_with_deactivated_servers
======================== 2 failed, 18 passed in 0.12s =========================
